[2024-11-17 18:25:02] production.ERROR: SQLSTATE[HY000] [1045] Access denied for user 'forge'@'localhost' (using password: NO) (Connection: mysql, SQL: select table_name as `name`, (data_length + index_length) as `size`, table_comment as `comment`, engine as `engine`, table_collation as `collation` from information_schema.tables where table_schema = 'forge' and table_type in ('BASE TABLE', 'SYSTEM VERSIONED') order by table_name) {"exception":"[object] (Illuminate\\Database\\QueryException(code: 1045): SQLSTATE[HY000] [1045] Access denied for user 'forge'@'localhost' (using password: NO) (Connection: mysql, SQL: select table_name as `name`, (data_length + index_length) as `size`, table_comment as `comment`, engine as `engine`, table_collation as `collation` from information_schema.tables where table_schema = 'forge' and table_type in ('BASE TABLE', 'SYSTEM VERSIONED') order by table_name) at D:\\USAT_ciclo X\\TÓPICOS AVANZADOS\\PROYECTO\\topicos_proyecto\\vendor\\laravel\\framework\\src\\Illuminate\\Database\\Connection.php:829)
[stacktrace]
#0 D:\\USAT_ciclo X\\TÓPICOS AVANZADOS\\PROYECTO\\topicos_proyecto\\vendor\\laravel\\framework\\src\\Illuminate\\Database\\Connection.php(783): Illuminate\\Database\\Connection->runQueryCallback('select table_na...', Array, Object(Closure))
#1 D:\\USAT_ciclo X\\TÓPICOS AVANZADOS\\PROYECTO\\topicos_proyecto\\vendor\\laravel\\framework\\src\\Illuminate\\Database\\Connection.php(414): Illuminate\\Database\\Connection->run('select table_na...', Array, Object(Closure))
#2 D:\\USAT_ciclo X\\TÓPICOS AVANZADOS\\PROYECTO\\topicos_proyecto\\vendor\\laravel\\framework\\src\\Illuminate\\Database\\Connection.php(401): Illuminate\\Database\\Connection->select('select table_na...', Array, false)
#3 D:\\USAT_ciclo X\\TÓPICOS AVANZADOS\\PROYECTO\\topicos_proyecto\\vendor\\laravel\\framework\\src\\Illuminate\\Database\\Schema\\MySqlBuilder.php(41): Illuminate\\Database\\Connection->selectFromWriteConnection('select table_na...')
#4 D:\\USAT_ciclo X\\TÓPICOS AVANZADOS\\PROYECTO\\topicos_proyecto\\vendor\\laravel\\framework\\src\\Illuminate\\Database\\Schema\\Builder.php(165): Illuminate\\Database\\Schema\\MySqlBuilder->getTables(false)
#5 D:\\USAT_ciclo X\\TÓPICOS AVANZADOS\\PROYECTO\\topicos_proyecto\\vendor\\laravel\\framework\\src\\Illuminate\\Database\\Migrations\\DatabaseMigrationRepository.php(184): Illuminate\\Database\\Schema\\Builder->hasTable('migrations')
#6 D:\\USAT_ciclo X\\TÓPICOS AVANZADOS\\PROYECTO\\topicos_proyecto\\vendor\\laravel\\framework\\src\\Illuminate\\Database\\Migrations\\Migrator.php(700): Illuminate\\Database\\Migrations\\DatabaseMigrationRepository->repositoryExists()
#7 D:\\USAT_ciclo X\\TÓPICOS AVANZADOS\\PROYECTO\\topicos_proyecto\\vendor\\laravel\\framework\\src\\Illuminate\\Database\\Console\\Migrations\\MigrateCommand.php(140): Illuminate\\Database\\Migrations\\Migrator->repositoryExists()
#8 D:\\USAT_ciclo X\\TÓPICOS AVANZADOS\\PROYECTO\\topicos_proyecto\\vendor\\laravel\\framework\\src\\Illuminate\\Support\\helpers.php(248): Illuminate\\Database\\Console\\Migrations\\MigrateCommand->Illuminate\\Database\\Console\\Migrations\\{closure}(1)
#9 D:\\USAT_ciclo X\\TÓPICOS AVANZADOS\\PROYECTO\\topicos_proyecto\\vendor\\laravel\\framework\\src\\Illuminate\\Database\\Console\\Migrations\\MigrateCommand.php(140): retry(1, Object(Closure), 0, Object(Closure))
#10 D:\\USAT_ciclo X\\TÓPICOS AVANZADOS\\PROYECTO\\topicos_proyecto\\vendor\\laravel\\framework\\src\\Illuminate\\Database\\Console\\Migrations\\MigrateCommand.php(116): Illuminate\\Database\\Console\\Migrations\\MigrateCommand->repositoryExists()
#11 D:\\USAT_ciclo X\\TÓPICOS AVANZADOS\\PROYECTO\\topicos_proyecto\\vendor\\laravel\\framework\\src\\Illuminate\\Database\\Console\\Migrations\\MigrateCommand.php(84): Illuminate\\Database\\Console\\Migrations\\MigrateCommand->prepareDatabase()
#12 D:\\USAT_ciclo X\\TÓPICOS AVANZADOS\\PROYECTO\\topicos_proyecto\\vendor\\laravel\\framework\\src\\Illuminate\\Database\\Migrations\\Migrator.php(633): Illuminate\\Database\\Console\\Migrations\\MigrateCommand->Illuminate\\Database\\Console\\Migrations\\{closure}()
#13 D:\\USAT_ciclo X\\TÓPICOS AVANZADOS\\PROYECTO\\topicos_proyecto\\vendor\\laravel\\framework\\src\\Illuminate\\Database\\Console\\Migrations\\MigrateCommand.php(83): Illuminate\\Database\\Migrations\\Migrator->usingConnection(NULL, Object(Closure))
#14 D:\\USAT_ciclo X\\TÓPICOS AVANZADOS\\PROYECTO\\topicos_proyecto\\vendor\\laravel\\framework\\src\\Illuminate\\Container\\BoundMethod.php(36): Illuminate\\Database\\Console\\Migrations\\MigrateCommand->handle()
#15 D:\\USAT_ciclo X\\TÓPICOS AVANZADOS\\PROYECTO\\topicos_proyecto\\vendor\\laravel\\framework\\src\\Illuminate\\Container\\Util.php(41): Illuminate\\Container\\BoundMethod::Illuminate\\Container\\{closure}()
#16 D:\\USAT_ciclo X\\TÓPICOS AVANZADOS\\PROYECTO\\topicos_proyecto\\vendor\\laravel\\framework\\src\\Illuminate\\Container\\BoundMethod.php(93): Illuminate\\Container\\Util::unwrapIfClosure(Object(Closure))
#17 D:\\USAT_ciclo X\\TÓPICOS AVANZADOS\\PROYECTO\\topicos_proyecto\\vendor\\laravel\\framework\\src\\Illuminate\\Container\\BoundMethod.php(35): Illuminate\\Container\\BoundMethod::callBoundMethod(Object(Illuminate\\Foundation\\Application), Array, Object(Closure))
#18 D:\\USAT_ciclo X\\TÓPICOS AVANZADOS\\PROYECTO\\topicos_proyecto\\vendor\\laravel\\framework\\src\\Illuminate\\Container\\Container.php(662): Illuminate\\Container\\BoundMethod::call(Object(Illuminate\\Foundation\\Application), Array, Array, NULL)
#19 D:\\USAT_ciclo X\\TÓPICOS AVANZADOS\\PROYECTO\\topicos_proyecto\\vendor\\laravel\\framework\\src\\Illuminate\\Console\\Command.php(211): Illuminate\\Container\\Container->call(Array)
#20 D:\\USAT_ciclo X\\TÓPICOS AVANZADOS\\PROYECTO\\topicos_proyecto\\vendor\\symfony\\console\\Command\\Command.php(326): Illuminate\\Console\\Command->execute(Object(Symfony\\Component\\Console\\Input\\ArgvInput), Object(Illuminate\\Console\\OutputStyle))
#21 D:\\USAT_ciclo X\\TÓPICOS AVANZADOS\\PROYECTO\\topicos_proyecto\\vendor\\laravel\\framework\\src\\Illuminate\\Console\\Command.php(180): Symfony\\Component\\Console\\Command\\Command->run(Object(Symfony\\Component\\Console\\Input\\ArgvInput), Object(Illuminate\\Console\\OutputStyle))
#22 D:\\USAT_ciclo X\\TÓPICOS AVANZADOS\\PROYECTO\\topicos_proyecto\\vendor\\symfony\\console\\Application.php(1096): Illuminate\\Console\\Command->run(Object(Symfony\\Component\\Console\\Input\\ArgvInput), Object(Symfony\\Component\\Console\\Output\\ConsoleOutput))
#23 D:\\USAT_ciclo X\\TÓPICOS AVANZADOS\\PROYECTO\\topicos_proyecto\\vendor\\symfony\\console\\Application.php(324): Symfony\\Component\\Console\\Application->doRunCommand(Object(Illuminate\\Database\\Console\\Migrations\\MigrateCommand), Object(Symfony\\Component\\Console\\Input\\ArgvInput), Object(Symfony\\Component\\Console\\Output\\ConsoleOutput))
#24 D:\\USAT_ciclo X\\TÓPICOS AVANZADOS\\PROYECTO\\topicos_proyecto\\vendor\\symfony\\console\\Application.php(175): Symfony\\Component\\Console\\Application->doRun(Object(Symfony\\Component\\Console\\Input\\ArgvInput), Object(Symfony\\Component\\Console\\Output\\ConsoleOutput))
#25 D:\\USAT_ciclo X\\TÓPICOS AVANZADOS\\PROYECTO\\topicos_proyecto\\vendor\\laravel\\framework\\src\\Illuminate\\Foundation\\Console\\Kernel.php(201): Symfony\\Component\\Console\\Application->run(Object(Symfony\\Component\\Console\\Input\\ArgvInput), Object(Symfony\\Component\\Console\\Output\\ConsoleOutput))
#26 D:\\USAT_ciclo X\\TÓPICOS AVANZADOS\\PROYECTO\\topicos_proyecto\\artisan(35): Illuminate\\Foundation\\Console\\Kernel->handle(Object(Symfony\\Component\\Console\\Input\\ArgvInput), Object(Symfony\\Component\\Console\\Output\\ConsoleOutput))
#27 {main}

[previous exception] [object] (PDOException(code: 1045): SQLSTATE[HY000] [1045] Access denied for user 'forge'@'localhost' (using password: NO) at D:\\USAT_ciclo X\\TÓPICOS AVANZADOS\\PROYECTO\\topicos_proyecto\\vendor\\laravel\\framework\\src\\Illuminate\\Database\\Connectors\\Connector.php:65)
[stacktrace]
#0 D:\\USAT_ciclo X\\TÓPICOS AVANZADOS\\PROYECTO\\topicos_proyecto\\vendor\\laravel\\framework\\src\\Illuminate\\Database\\Connectors\\Connector.php(65): PDO->__construct('mysql:host=127....', 'forge', Object(SensitiveParameterValue), Array)
#1 D:\\USAT_ciclo X\\TÓPICOS AVANZADOS\\PROYECTO\\topicos_proyecto\\vendor\\laravel\\framework\\src\\Illuminate\\Database\\Connectors\\Connector.php(44): Illuminate\\Database\\Connectors\\Connector->createPdoConnection('mysql:host=127....', 'forge', '', Array)
#2 D:\\USAT_ciclo X\\TÓPICOS AVANZADOS\\PROYECTO\\topicos_proyecto\\vendor\\laravel\\framework\\src\\Illuminate\\Database\\Connectors\\MySqlConnector.php(24): Illuminate\\Database\\Connectors\\Connector->createConnection('mysql:host=127....', Array, Array)
#3 D:\\USAT_ciclo X\\TÓPICOS AVANZADOS\\PROYECTO\\topicos_proyecto\\vendor\\laravel\\framework\\src\\Illuminate\\Database\\Connectors\\ConnectionFactory.php(184): Illuminate\\Database\\Connectors\\MySqlConnector->connect(Array)
#4 [internal function]: Illuminate\\Database\\Connectors\\ConnectionFactory->Illuminate\\Database\\Connectors\\{closure}()
#5 D:\\USAT_ciclo X\\TÓPICOS AVANZADOS\\PROYECTO\\topicos_proyecto\\vendor\\laravel\\framework\\src\\Illuminate\\Database\\Connection.php(1339): call_user_func(Object(Closure))
#6 D:\\USAT_ciclo X\\TÓPICOS AVANZADOS\\PROYECTO\\topicos_proyecto\\vendor\\laravel\\framework\\src\\Illuminate\\Database\\Connection.php(528): Illuminate\\Database\\Connection->getPdo()
#7 D:\\USAT_ciclo X\\TÓPICOS AVANZADOS\\PROYECTO\\topicos_proyecto\\vendor\\laravel\\framework\\src\\Illuminate\\Database\\Connection.php(423): Illuminate\\Database\\Connection->getPdoForSelect(false)
#8 D:\\USAT_ciclo X\\TÓPICOS AVANZADOS\\PROYECTO\\topicos_proyecto\\vendor\\laravel\\framework\\src\\Illuminate\\Database\\Connection.php(816): Illuminate\\Database\\Connection->Illuminate\\Database\\{closure}('select table_na...', Array)
#9 D:\\USAT_ciclo X\\TÓPICOS AVANZADOS\\PROYECTO\\topicos_proyecto\\vendor\\laravel\\framework\\src\\Illuminate\\Database\\Connection.php(783): Illuminate\\Database\\Connection->runQueryCallback('select table_na...', Array, Object(Closure))
#10 D:\\USAT_ciclo X\\TÓPICOS AVANZADOS\\PROYECTO\\topicos_proyecto\\vendor\\laravel\\framework\\src\\Illuminate\\Database\\Connection.php(414): Illuminate\\Database\\Connection->run('select table_na...', Array, Object(Closure))
#11 D:\\USAT_ciclo X\\TÓPICOS AVANZADOS\\PROYECTO\\topicos_proyecto\\vendor\\laravel\\framework\\src\\Illuminate\\Database\\Connection.php(401): Illuminate\\Database\\Connection->select('select table_na...', Array, false)
#12 D:\\USAT_ciclo X\\TÓPICOS AVANZADOS\\PROYECTO\\topicos_proyecto\\vendor\\laravel\\framework\\src\\Illuminate\\Database\\Schema\\MySqlBuilder.php(41): Illuminate\\Database\\Connection->selectFromWriteConnection('select table_na...')
#13 D:\\USAT_ciclo X\\TÓPICOS AVANZADOS\\PROYECTO\\topicos_proyecto\\vendor\\laravel\\framework\\src\\Illuminate\\Database\\Schema\\Builder.php(165): Illuminate\\Database\\Schema\\MySqlBuilder->getTables(false)
#14 D:\\USAT_ciclo X\\TÓPICOS AVANZADOS\\PROYECTO\\topicos_proyecto\\vendor\\laravel\\framework\\src\\Illuminate\\Database\\Migrations\\DatabaseMigrationRepository.php(184): Illuminate\\Database\\Schema\\Builder->hasTable('migrations')
#15 D:\\USAT_ciclo X\\TÓPICOS AVANZADOS\\PROYECTO\\topicos_proyecto\\vendor\\laravel\\framework\\src\\Illuminate\\Database\\Migrations\\Migrator.php(700): Illuminate\\Database\\Migrations\\DatabaseMigrationRepository->repositoryExists()
#16 D:\\USAT_ciclo X\\TÓPICOS AVANZADOS\\PROYECTO\\topicos_proyecto\\vendor\\laravel\\framework\\src\\Illuminate\\Database\\Console\\Migrations\\MigrateCommand.php(140): Illuminate\\Database\\Migrations\\Migrator->repositoryExists()
#17 D:\\USAT_ciclo X\\TÓPICOS AVANZADOS\\PROYECTO\\topicos_proyecto\\vendor\\laravel\\framework\\src\\Illuminate\\Support\\helpers.php(248): Illuminate\\Database\\Console\\Migrations\\MigrateCommand->Illuminate\\Database\\Console\\Migrations\\{closure}(1)
#18 D:\\USAT_ciclo X\\TÓPICOS AVANZADOS\\PROYECTO\\topicos_proyecto\\vendor\\laravel\\framework\\src\\Illuminate\\Database\\Console\\Migrations\\MigrateCommand.php(140): retry(1, Object(Closure), 0, Object(Closure))
#19 D:\\USAT_ciclo X\\TÓPICOS AVANZADOS\\PROYECTO\\topicos_proyecto\\vendor\\laravel\\framework\\src\\Illuminate\\Database\\Console\\Migrations\\MigrateCommand.php(116): Illuminate\\Database\\Console\\Migrations\\MigrateCommand->repositoryExists()
#20 D:\\USAT_ciclo X\\TÓPICOS AVANZADOS\\PROYECTO\\topicos_proyecto\\vendor\\laravel\\framework\\src\\Illuminate\\Database\\Console\\Migrations\\MigrateCommand.php(84): Illuminate\\Database\\Console\\Migrations\\MigrateCommand->prepareDatabase()
#21 D:\\USAT_ciclo X\\TÓPICOS AVANZADOS\\PROYECTO\\topicos_proyecto\\vendor\\laravel\\framework\\src\\Illuminate\\Database\\Migrations\\Migrator.php(633): Illuminate\\Database\\Console\\Migrations\\MigrateCommand->Illuminate\\Database\\Console\\Migrations\\{closure}()
#22 D:\\USAT_ciclo X\\TÓPICOS AVANZADOS\\PROYECTO\\topicos_proyecto\\vendor\\laravel\\framework\\src\\Illuminate\\Database\\Console\\Migrations\\MigrateCommand.php(83): Illuminate\\Database\\Migrations\\Migrator->usingConnection(NULL, Object(Closure))
#23 D:\\USAT_ciclo X\\TÓPICOS AVANZADOS\\PROYECTO\\topicos_proyecto\\vendor\\laravel\\framework\\src\\Illuminate\\Container\\BoundMethod.php(36): Illuminate\\Database\\Console\\Migrations\\MigrateCommand->handle()
#24 D:\\USAT_ciclo X\\TÓPICOS AVANZADOS\\PROYECTO\\topicos_proyecto\\vendor\\laravel\\framework\\src\\Illuminate\\Container\\Util.php(41): Illuminate\\Container\\BoundMethod::Illuminate\\Container\\{closure}()
#25 D:\\USAT_ciclo X\\TÓPICOS AVANZADOS\\PROYECTO\\topicos_proyecto\\vendor\\laravel\\framework\\src\\Illuminate\\Container\\BoundMethod.php(93): Illuminate\\Container\\Util::unwrapIfClosure(Object(Closure))
#26 D:\\USAT_ciclo X\\TÓPICOS AVANZADOS\\PROYECTO\\topicos_proyecto\\vendor\\laravel\\framework\\src\\Illuminate\\Container\\BoundMethod.php(35): Illuminate\\Container\\BoundMethod::callBoundMethod(Object(Illuminate\\Foundation\\Application), Array, Object(Closure))
#27 D:\\USAT_ciclo X\\TÓPICOS AVANZADOS\\PROYECTO\\topicos_proyecto\\vendor\\laravel\\framework\\src\\Illuminate\\Container\\Container.php(662): Illuminate\\Container\\BoundMethod::call(Object(Illuminate\\Foundation\\Application), Array, Array, NULL)
#28 D:\\USAT_ciclo X\\TÓPICOS AVANZADOS\\PROYECTO\\topicos_proyecto\\vendor\\laravel\\framework\\src\\Illuminate\\Console\\Command.php(211): Illuminate\\Container\\Container->call(Array)
#29 D:\\USAT_ciclo X\\TÓPICOS AVANZADOS\\PROYECTO\\topicos_proyecto\\vendor\\symfony\\console\\Command\\Command.php(326): Illuminate\\Console\\Command->execute(Object(Symfony\\Component\\Console\\Input\\ArgvInput), Object(Illuminate\\Console\\OutputStyle))
#30 D:\\USAT_ciclo X\\TÓPICOS AVANZADOS\\PROYECTO\\topicos_proyecto\\vendor\\laravel\\framework\\src\\Illuminate\\Console\\Command.php(180): Symfony\\Component\\Console\\Command\\Command->run(Object(Symfony\\Component\\Console\\Input\\ArgvInput), Object(Illuminate\\Console\\OutputStyle))
#31 D:\\USAT_ciclo X\\TÓPICOS AVANZADOS\\PROYECTO\\topicos_proyecto\\vendor\\symfony\\console\\Application.php(1096): Illuminate\\Console\\Command->run(Object(Symfony\\Component\\Console\\Input\\ArgvInput), Object(Symfony\\Component\\Console\\Output\\ConsoleOutput))
#32 D:\\USAT_ciclo X\\TÓPICOS AVANZADOS\\PROYECTO\\topicos_proyecto\\vendor\\symfony\\console\\Application.php(324): Symfony\\Component\\Console\\Application->doRunCommand(Object(Illuminate\\Database\\Console\\Migrations\\MigrateCommand), Object(Symfony\\Component\\Console\\Input\\ArgvInput), Object(Symfony\\Component\\Console\\Output\\ConsoleOutput))
#33 D:\\USAT_ciclo X\\TÓPICOS AVANZADOS\\PROYECTO\\topicos_proyecto\\vendor\\symfony\\console\\Application.php(175): Symfony\\Component\\Console\\Application->doRun(Object(Symfony\\Component\\Console\\Input\\ArgvInput), Object(Symfony\\Component\\Console\\Output\\ConsoleOutput))
#34 D:\\USAT_ciclo X\\TÓPICOS AVANZADOS\\PROYECTO\\topicos_proyecto\\vendor\\laravel\\framework\\src\\Illuminate\\Foundation\\Console\\Kernel.php(201): Symfony\\Component\\Console\\Application->run(Object(Symfony\\Component\\Console\\Input\\ArgvInput), Object(Symfony\\Component\\Console\\Output\\ConsoleOutput))
#35 D:\\USAT_ciclo X\\TÓPICOS AVANZADOS\\PROYECTO\\topicos_proyecto\\artisan(35): Illuminate\\Foundation\\Console\\Kernel->handle(Object(Symfony\\Component\\Console\\Input\\ArgvInput), Object(Symfony\\Component\\Console\\Output\\ConsoleOutput))
#36 {main}
"} 
